<?xml version="1.0" encoding="UTF-8"?>
<!-- Generated by org.testng.reporters.JUnitReportReporter -->
<testsuite skipped="0" hostname="OMIT133" name="src.Get_connection" tests="1" failures="0" timestamp="28 May 2018 12:17:14 GMT" time="0.013" errors="0">
  <testcase name="TestVerifyDB" time="0.013" classname="src.Get_connection"/>
</testsuite> <!-- src.Get_connection -->
